2025-12-13 20:59:14: === Starting plotting script ===
2025-12-13 20:59:14: Generating Bitcoin Price Plot...
ERROR 2002 (HY000): Can't connect to MySQL server on '127.0.0.1' (10061)
2025-12-13 20:59:17: MySQL query failed: 
    SELECT 
        DATE(last_updated) as date,
        AVG(price_usd) as avg_price
    FROM bitcoin_prices
    WHERE last_updated >= DATE_SUB(NOW(), INTERVAL 30 DAY)
    GROUP BY DATE(last_updated)
    ORDER BY date;
    
2025-12-13 20:59:17: No data found. Creating sample data...
2025-12-13 20:59:17: Plot saved to: /home/aris_aihano/bitcoin_tracker/plots/bitcoin_price.png
2025-12-13 20:59:17: === Plotting script completed ===
2025-12-13 21:08:34: === Starting plotting script ===
2025-12-13 21:08:34: Testing MySQL connection...
2025-12-13 21:08:34: MySQL connection successful
2025-12-13 21:08:34: === Plotting script completed ===
2025-12-13 21:08:44: === Starting plotting script ===
2025-12-13 21:08:44: Starting to generate all 10 plots...
2025-12-13 21:08:44: Generating Bitcoin Price Plot...
2025-12-13 21:08:44: Testing MySQL connection...
2025-12-13 21:08:44: MySQL connection successful
2025-12-13 21:08:44: ERROR: MySQL server not running! Start XAMPP Control Panel on Windows
2025-12-13 21:08:44: Plot saved to: /home/aris_aihano/bitcoin_tracker/plots/bitcoin_price.png
2025-12-13 21:08:44: Generating Bitcoin Price Trend Plot...
2025-12-13 21:08:44: ERROR: MySQL server not running! Start XAMPP Control Panel on Windows
2025-12-13 21:08:44: Using sample data for trend plot
2025-12-13 21:08:44: Plot saved to: /home/aris_aihano/bitcoin_tracker/plots/bitcoin_trend.png
2025-12-13 21:08:44: Generating Bitcoin Hourly Pattern Plot...
2025-12-13 21:08:44: ERROR: MySQL server not running! Start XAMPP Control Panel on Windows
2025-12-13 21:08:44: Using sample data for hourly pattern plot
2025-12-13 21:08:44: Plot saved to: /home/aris_aihano/bitcoin_tracker/plots/hourly_pattern.png
2025-12-13 21:08:44: Generating Bitcoin Price Distribution...
2025-12-13 21:08:44: ERROR: MySQL server not running! Start XAMPP Control Panel on Windows
2025-12-13 21:08:44: Using sample data for distribution plot
2025-12-13 21:08:44: Plot saved to: /home/aris_aihano/bitcoin_tracker/plots/price_distribution.png
2025-12-13 21:08:44: Generating Bitcoin Price Change Plot...
2025-12-13 21:08:44: ERROR: MySQL server not running! Start XAMPP Control Panel on Windows
2025-12-13 21:08:44: Using sample data for price change plot
2025-12-13 21:08:44: Plot saved to: /home/aris_aihano/bitcoin_tracker/plots/price_change.png
2025-12-13 21:08:44: Generating Cumulative Returns Plot...
2025-12-13 21:08:44: ERROR: MySQL server not running! Start XAMPP Control Panel on Windows
2025-12-13 21:08:44: Using sample data for cumulative returns plot
2025-12-13 21:08:44: Plot saved to: /home/aris_aihano/bitcoin_tracker/plots/cumulative_returns.png
2025-12-13 21:08:44: Generating Moving Average Plot...
2025-12-13 21:08:44: ERROR: MySQL server not running! Start XAMPP Control Panel on Windows
2025-12-13 21:08:44: Using sample data for moving average plot
2025-12-13 21:08:44: Plot saved to: /home/aris_aihano/bitcoin_tracker/plots/moving_average.png
2025-12-13 21:08:44: Generating Data Collection Frequency Plot...
2025-12-13 21:08:44: ERROR: MySQL server not running! Start XAMPP Control Panel on Windows
2025-12-13 21:08:44: Using sample data for frequency plot
2025-12-13 21:08:44: Plot saved to: /home/aris_aihano/bitcoin_tracker/plots/data_frequency.png
2025-12-13 21:08:44: Generating Volatility Plot...
2025-12-13 21:08:44: ERROR: MySQL server not running! Start XAMPP Control Panel on Windows
2025-12-13 21:08:44: Using sample data for volatility plot
2025-12-13 21:08:44: Plot saved to: /home/aris_aihano/bitcoin_tracker/plots/volatility.png
2025-12-13 21:08:45: Generating Price Prediction Plot...
2025-12-13 21:08:45: ERROR: MySQL server not running! Start XAMPP Control Panel on Windows
2025-12-13 21:08:45: Using sample data for prediction plot
2025-12-13 21:08:45: Plot saved to: /home/aris_aihano/bitcoin_tracker/plots/prediction.png
2025-12-13 21:08:45: All 10 plots generated successfully!
2025-12-13 21:08:45: === Plotting script completed ===
2025-12-13 21:19:24: === Starting plotting script ===
2025-12-13 21:19:24: Starting to generate all 10 plots...
2025-12-13 21:19:24: Generating Bitcoin Price Plot...
2025-12-13 21:19:24: Plot saved to: /home/aris_aihano/bitcoin_tracker/plots/bitcoin_price.png
2025-12-13 21:19:24: Generating Bitcoin Price Trend Plot...
2025-12-13 21:19:24: Plot saved to: /home/aris_aihano/bitcoin_tracker/plots/bitcoin_trend.png
2025-12-13 21:19:24: Generating Bitcoin Hourly Pattern Plot...
2025-12-13 21:19:24: Plot saved to: /home/aris_aihano/bitcoin_tracker/plots/hourly_pattern.png
2025-12-13 21:19:24: Generating Bitcoin Price Distribution...
2025-12-13 21:19:24: Plot saved to: /home/aris_aihano/bitcoin_tracker/plots/price_distribution.png
2025-12-13 21:19:24: Generating Bitcoin Price Change Plot...
2025-12-13 21:19:25: Plot saved to: /home/aris_aihano/bitcoin_tracker/plots/price_change.png
2025-12-13 21:19:25: Generating Cumulative Returns Plot...
2025-12-13 21:19:25: Plot saved to: /home/aris_aihano/bitcoin_tracker/plots/cumulative_returns.png
2025-12-13 21:19:25: Generating Moving Average Plot...
2025-12-13 21:19:25: Plot saved to: /home/aris_aihano/bitcoin_tracker/plots/moving_average.png
2025-12-13 21:19:25: Generating Data Collection Frequency Plot...
2025-12-13 21:19:25: Plot saved to: /home/aris_aihano/bitcoin_tracker/plots/data_frequency.png
2025-12-13 21:19:25: Generating Volatility Plot...
2025-12-13 21:19:25: Plot saved to: /home/aris_aihano/bitcoin_tracker/plots/volatility.png
2025-12-13 21:19:25: Generating Price Prediction Plot...
2025-12-13 21:19:25: Plot saved to: /home/aris_aihano/bitcoin_tracker/plots/prediction.png
2025-12-13 21:19:25: All 10 plots generated successfully!
2025-12-13 21:19:25: === Plotting script completed ===
2025-12-13 21:25:17: === Starting plotting script ===
2025-12-13 21:25:17: Starting to generate all 10 plots...
2025-12-13 21:25:17: Generating Bitcoin Price Plot...
2025-12-13 21:25:18: Plot saved to: /home/aris_aihano/bitcoin_tracker/plots/bitcoin_price.png
2025-12-13 21:25:18: Generating Bitcoin Price Trend Plot...
2025-12-13 21:25:18: Plot saved to: /home/aris_aihano/bitcoin_tracker/plots/bitcoin_trend.png
2025-12-13 21:25:18: Generating Bitcoin Hourly Pattern Plot...
2025-12-13 21:25:18: Plot saved to: /home/aris_aihano/bitcoin_tracker/plots/hourly_pattern.png
2025-12-13 21:25:18: Generating Bitcoin Price Distribution...
2025-12-13 21:25:18: Plot saved to: /home/aris_aihano/bitcoin_tracker/plots/price_distribution.png
2025-12-13 21:25:18: Generating Bitcoin Price Change Plot...
2025-12-13 21:25:18: Plot saved to: /home/aris_aihano/bitcoin_tracker/plots/price_change.png
2025-12-13 21:25:18: Generating Cumulative Returns Plot...
2025-12-13 21:25:18: Plot saved to: /home/aris_aihano/bitcoin_tracker/plots/cumulative_returns.png
2025-12-13 21:25:18: Generating Moving Average Plot...
2025-12-13 21:25:18: Plot saved to: /home/aris_aihano/bitcoin_tracker/plots/moving_average.png
2025-12-13 21:25:18: Generating Data Collection Frequency Plot...
2025-12-13 21:25:18: Plot saved to: /home/aris_aihano/bitcoin_tracker/plots/data_frequency.png
2025-12-13 21:25:18: Generating Volatility Plot...
2025-12-13 21:25:18: Plot saved to: /home/aris_aihano/bitcoin_tracker/plots/volatility.png
2025-12-13 21:25:18: Generating Price Prediction Plot...
2025-12-13 21:25:19: Plot saved to: /home/aris_aihano/bitcoin_tracker/plots/prediction.png
2025-12-13 21:25:19: All 10 plots generated successfully!
2025-12-13 21:25:19: === Plotting script completed ===
