Sat Nov 29 23:01:23 +08 2025: === Starting Bitcoin Tracker ===
Sat Nov 29 23:01:23 +08 2025: Scraping Bitcoin price from CoinMarketCap...
Sat Nov 29 23:01:23 +08 2025: Scraping failed, using realistic test data...
Sat Nov 29 23:01:23 +08 2025: Bitcoin price: $40906
Sat Nov 29 23:01:23 +08 2025: SUCCESS: Inserted $40906 into MySQL
Sat Nov 29 23:01:23 +08 2025: === Completed ===
Sat Nov 29 23:14:06 +08 2025: === Starting Bitcoin Tracker ===
Sat Nov 29 23:14:06 +08 2025: Scraping Bitcoin price from CoinMarketCap...
Sat Nov 29 23:14:07 +08 2025: Bitcoin price: $90747.56
Sat Nov 29 23:14:08 +08 2025: SUCCESS: Inserted $90747.56 into MySQL
Sat Nov 29 23:14:08 +08 2025: === Completed ===
Sat Nov 29 23:31:18 +08 2025: === Starting Bitcoin Tracker ===
Sat Nov 29 23:31:18 +08 2025: Scraping Bitcoin price from CoinMarketCap...
Sat Nov 29 23:31:18 +08 2025: Bitcoin price: $90951.90
Sat Nov 29 23:31:18 +08 2025: SUCCESS: Inserted $90951.90 into MySQL
Sat Nov 29 23:31:19 +08 2025: === Completed ===
Sat Nov 29 23:54:34 +08 2025: === Starting Bitcoin Tracker ===
Sat Nov 29 23:54:34 +08 2025: Scraping Bitcoin price from CoinMarketCap...
Sat Nov 29 23:54:34 +08 2025: Bitcoin price: $91040.94
Sat Nov 29 23:54:34 +08 2025: SUCCESS: Inserted $91040.94 into MySQL
Sat Nov 29 23:54:35 +08 2025: === Completed ===
Sun Nov 30 15:00:04 +08 2025: === Starting Bitcoin Tracker ===
Sun Nov 30 15:00:04 +08 2025: Scraping Bitcoin price from CoinMarketCap...
Sun Nov 30 15:00:05 +08 2025: Bitcoin price: $90906.09
Sun Nov 30 15:00:05 +08 2025: SUCCESS: Inserted $90906.09 into MySQL
Sun Nov 30 15:00:05 +08 2025: === Completed ===
Sun Nov 30 16:00:02 +08 2025: === Starting Bitcoin Tracker ===
Sun Nov 30 16:00:02 +08 2025: === Starting Bitcoin Tracker ===
Sun Nov 30 16:00:02 +08 2025: Scraping Bitcoin price from CoinMarketCap...
Sun Nov 30 16:00:02 +08 2025: Scraping Bitcoin price from CoinMarketCap...
Sun Nov 30 16:00:02 +08 2025: Bitcoin price: $90958.08
Sun Nov 30 16:00:02 +08 2025: Bitcoin price: $90958.08
Sun Nov 30 16:00:02 +08 2025: SUCCESS: Inserted $90958.08 into MySQL
Sun Nov 30 16:00:02 +08 2025: SUCCESS: Inserted $90958.08 into MySQL
Sun Nov 30 16:00:03 +08 2025: === Completed ===
Sun Nov 30 16:00:03 +08 2025: === Completed ===
Sun Nov 30 17:23:08 +08 2025: === Starting Bitcoin Tracker ===
Sun Nov 30 17:23:08 +08 2025: Scraping Bitcoin price from CoinMarketCap...
Sun Nov 30 17:23:08 +08 2025: Bitcoin price: $91441.37
Sun Nov 30 17:23:08 +08 2025: SUCCESS: Inserted $91441.37 into MySQL
Sun Nov 30 17:23:08 +08 2025: === Completed ===
Sun Nov 30 18:00:04 +08 2025: === Starting Bitcoin Tracker ===
Sun Nov 30 18:00:04 +08 2025: Scraping Bitcoin price from CoinMarketCap...
Sun Nov 30 18:00:04 +08 2025: Bitcoin price: $91385.15
Sun Nov 30 18:00:04 +08 2025: SUCCESS: Inserted $91385.15 into MySQL
Sun Nov 30 18:00:04 +08 2025: === Completed ===
Sun Nov 30 20:00:04 +08 2025: === Starting Bitcoin Tracker ===
Sun Nov 30 20:00:04 +08 2025: Scraping Bitcoin price from CoinMarketCap...
Sun Nov 30 20:00:04 +08 2025: Bitcoin price: $91087.72
Sun Nov 30 20:00:04 +08 2025: SUCCESS: Inserted $91087.72 into MySQL
Sun Nov 30 20:00:04 +08 2025: === Completed ===
Sun Nov 30 22:00:02 +08 2025: === Starting Bitcoin Tracker ===
Sun Nov 30 22:00:02 +08 2025: Scraping Bitcoin price from CoinMarketCap...
Sun Nov 30 22:00:02 +08 2025: Bitcoin price: $91776.06
Sun Nov 30 22:00:02 +08 2025: SUCCESS: Inserted $91776.06 into MySQL
Sun Nov 30 22:00:02 +08 2025: === Completed ===
Mon Dec  1 00:00:04 +08 2025: === Starting Bitcoin Tracker ===
Mon Dec  1 00:00:04 +08 2025: Scraping Bitcoin price from CoinMarketCap...
Mon Dec  1 00:00:04 +08 2025: Bitcoin price: $91466.39
Mon Dec  1 00:00:04 +08 2025: SUCCESS: Inserted $91466.39 into MySQL
Mon Dec  1 00:00:04 +08 2025: === Completed ===
Mon Dec  1 01:08:30 +08 2025: === Starting Bitcoin Tracker ===
Mon Dec  1 01:08:30 +08 2025: Scraping Bitcoin price from CoinMarketCap...
Mon Dec  1 01:08:30 +08 2025: WARNING: Failed to scrape 24h change, using 0.00
Mon Dec  1 01:08:30 +08 2025: Bitcoin price: $91687.85, 24h change: 0.00%
Mon Dec  1 01:08:30 +08 2025: SUCCESS: Inserted $91687.85 (0.00%) into MySQL
Mon Dec  1 01:08:30 +08 2025: === Completed ===
Mon Dec  1 01:16:51 +08 2025: === Starting Bitcoin Tracker ===
Mon Dec  1 01:16:51 +08 2025: Scraping Bitcoin price from CoinMarketCap...
Mon Dec  1 01:16:52 +08 2025: Bitcoin price: $91444.39
Mon Dec  1 01:16:52 +08 2025: SUCCESS: Inserted $91444.39 into MySQL
Mon Dec  1 01:16:52 +08 2025: === Completed ===
Mon Dec  1 01:17:16 +08 2025: === Starting Bitcoin Tracker ===
Mon Dec  1 01:17:16 +08 2025: Scraping Bitcoin price from CoinMarketCap...
Mon Dec  1 01:17:16 +08 2025: Bitcoin price: $91444.39
Mon Dec  1 01:17:16 +08 2025: SUCCESS: Inserted $91444.39 into MySQL
Mon Dec  1 01:17:16 +08 2025: === Completed ===
Mon Dec  1 02:00:03 +08 2025: === Starting Bitcoin Tracker ===
Mon Dec  1 02:00:03 +08 2025: Scraping Bitcoin price from CoinMarketCap...
Mon Dec  1 02:00:03 +08 2025: Bitcoin price: $91498.27
Mon Dec  1 02:00:03 +08 2025: SUCCESS: Inserted $91498.27 into MySQL
Mon Dec  1 02:00:03 +08 2025: === Completed ===
